<?xml version="1.0" encoding="UTF-8" ?>

<testsuite failures="0" time="0.482" errors="0" skipped="0" tests="9" name="LeadAPITests">
  <testcase classname="LeadAPITests" name="t00getLeadByIdTest" time="0.129">
      </testcase>
  <testcase classname="LeadAPITests" name="t01getLeadByCookieTest" time="0.042">
      </testcase>
  <testcase classname="LeadAPITests" name="t02getLeadByFullCookieTest" time="0.043">
      </testcase>
  <testcase classname="LeadAPITests" name="t03getLeadsbyIdTest" time="0.043">
      </testcase>
  <testcase classname="LeadAPITests" name="t04getLeadsbyEmailTest" time="0.048">
      </testcase>
  <testcase classname="LeadAPITests" name="t05getLeadsbyCookieTest" time="0.042">
      </testcase>
  <testcase classname="LeadAPITests" name="t06getLeadsbyFacebookIdTest" time="0.046">
      </testcase>
  <testcase classname="LeadAPITests" name="t07getLeadsbyLinkedInIdTest" time="0.043">
      </testcase>
  <testcase classname="LeadAPITests" name="t08getLeadsbyTwitterIdTest" time="0.046">
      </testcase>
</testsuite>
